{
  "RSpec": {
    "coverage": {
      "/home/sash/Craft_Academy/vibeFm/vibe_fm_team_3_api/app/controllers/application_controller.rb": [
        1,
        null
      ],
      "/home/sash/Craft_Academy/vibeFm/vibe_fm_team_3_api/app/controllers/api/v1/tracks_controller.rb": [
        1,
        1,
        6,
        null,
        6,
        6,
        2,
        null,
        4,
        80,
        null,
        null,
        null,
        null,
        null,
        null,
        4,
        null,
        null,
        null
      ],
      "/home/sash/Craft_Academy/vibeFm/vibe_fm_team_3_api/app/jobs/application_job.rb": [
        0,
        0
      ],
      "/home/sash/Craft_Academy/vibeFm/vibe_fm_team_3_api/app/models/application_record.rb": [
        0,
        0,
        0
      ],
      "/home/sash/Craft_Academy/vibeFm/vibe_fm_team_3_api/app/mailers/application_mailer.rb": [
        0,
        0,
        0,
        0
      ],
      "/home/sash/Craft_Academy/vibeFm/vibe_fm_team_3_api/app/channels/application_cable/channel.rb": [
        0,
        0,
        0,
        0
      ],
      "/home/sash/Craft_Academy/vibeFm/vibe_fm_team_3_api/app/channels/application_cable/connection.rb": [
        0,
        0,
        0,
        0
      ]
    },
    "timestamp": 1583936567
  }
}
