{
  "RSpec": {
    "coverage": {
      "/home/philip/Craft_Academy/vibe_fm_team_3_api/app/controllers/application_controller.rb": [
        1,
        null
      ],
      "/home/philip/Craft_Academy/vibe_fm_team_3_api/app/controllers/api/v1/tracks_controller.rb": [
        1,
        1,
        4,
        4,
        3,
        null,
        3,
        0,
        null,
        null,
        3,
        60,
        null,
        null,
        null,
        null,
        null,
        null,
        3,
        null,
        null,
        null
      ],
      "/home/philip/Craft_Academy/vibe_fm_team_3_api/app/channels/application_cable/channel.rb": [
        0,
        0,
        0,
        0
      ],
      "/home/philip/Craft_Academy/vibe_fm_team_3_api/app/channels/application_cable/connection.rb": [
        0,
        0,
        0,
        0
      ],
      "/home/philip/Craft_Academy/vibe_fm_team_3_api/app/mailers/application_mailer.rb": [
        0,
        0,
        0,
        0
      ],
      "/home/philip/Craft_Academy/vibe_fm_team_3_api/app/jobs/application_job.rb": [
        0,
        0
      ],
      "/home/philip/Craft_Academy/vibe_fm_team_3_api/app/models/application_record.rb": [
        0,
        0,
        0
      ]
    },
    "timestamp": 1583865514
  }
}
